<?xml version="1.0" encoding="UTF-8"?>
<!-- Generated by org.testng.reporters.JUnitReportReporter -->
<testsuite hostname="NSK-DT-LEN-1" failures="0" tests="10" name="test.AutomateSauco" time="0.693" errors="0" timestamp="2023-07-24T16:05:20 IST" skipped="0">
  <testcase classname="test.AutomateSauco" name="login" time="0.187"/>
  <system-out/>
  <testcase classname="test.AutomateSauco" name="countImage" time="0.103"/>
  <system-out/>
  <testcase classname="test.AutomateSauco" name="vrifyLogo" time="0.006"/>
  <system-out/>
  <testcase classname="test.AutomateSauco" name="verifyPageTitle" time="0.004"/>
  <system-out/>
  <testcase classname="test.AutomateSauco" name="selectDropdown" time="0.094"/>
  <system-out/>
  <testcase classname="test.AutomateSauco" name="selectProduct" time="0.031"/>
  <system-out/>
  <testcase classname="test.AutomateSauco" name="clickonCart" time="0.039"/>
  <system-out/>
  <testcase classname="test.AutomateSauco" name="checkout" time="0.037"/>
  <system-out/>
  <testcase classname="test.AutomateSauco" name="information" time="0.173"/>
  <system-out/>
  <testcase classname="test.AutomateSauco" name="validatePaymentInformation" time="0.019"/>
  <system-out/>
</testsuite> <!-- test.AutomateSauco -->
