<?xml version="1.0" encoding="UTF-8"?>
<!-- Generated by org.testng.reporters.JUnitReportReporter -->
<testsuite hostname="NSK-DT-LEN-1" failures="0" tests="3" name="dataProvider.Login" time="4.417" errors="0" timestamp="2023-01-05T14:17:18 IST" skipped="0">
  <testcase classname="dataProvider.Login" name="login" time="1.233"/>
  <system-out/>
  <testcase classname="dataProvider.Login" name="login" time="1.260"/>
  <system-out/>
  <testcase classname="dataProvider.Login" name="login" time="1.924"/>
  <system-out/>
</testsuite> <!-- dataProvider.Login -->
