<?xml version="1.0" encoding="UTF-8"?>
<!-- Generated by org.testng.reporters.JUnitReportReporter -->
<testsuite hostname="NSK-DT-LEN-1" failures="0" tests="1" name="test.Test2" time="0.005" errors="0" timestamp="2022-12-12T17:51:15 IST" skipped="0">
  <testcase classname="test.Test2" name="abc" time="0.005"/>
  <system-out/>
</testsuite> <!-- test.Test2 -->
